<?xml version="1.0" encoding="UTF-8"?>
<testng-results ignored="0" total="4" passed="4" failed="0" skipped="0">
  <reporter-output>
  </reporter-output>
  <suite started-at="2025-06-24T11:51:06 SAST" name="Surefire suite" finished-at="2025-06-24T11:51:35 SAST" duration-ms="28962">
    <groups>
      <group name="cucumber">
        <method signature="AbstractTestNGCucumberTests.runScenario(io.cucumber.testng.PickleWrapper,io.cucumber.testng.FeatureWrapper)[pri:0, instance:runners.webRunnerParallelTest@36bc55de]" name="runScenario" class="io.cucumber.testng.AbstractTestNGCucumberTests"/>
      </group> <!-- cucumber -->
    </groups>
    <test started-at="2025-06-24T11:51:06 SAST" name="Surefire test" finished-at="2025-06-24T11:51:35 SAST" duration-ms="28962">
      <class name="runners.webRunnerParallelTest">
        <test-method is-config="true" signature="setUpClass(org.testng.ITestContext)[pri:0, instance:runners.webRunnerParallelTest@36bc55de]" started-at="2025-06-24T11:51:06 SAST" name="setUpClass" finished-at="2025-06-24T11:51:06 SAST" duration-ms="665" status="PASS">
          <params>
            <param index="0">
              <value>
                <![CDATA[org.testng.TestRunner@1dac5ef]]>
              </value>
            </param>
          </params>
          <reporter-output>
          </reporter-output>
        </test-method> <!-- setUpClass -->
        <test-method signature="runScenario(io.cucumber.testng.PickleWrapper,io.cucumber.testng.FeatureWrapper)[pri:0, instance:runners.webRunnerParallelTest@36bc55de]" started-at="2025-06-24T11:51:06 SAST" name="runScenario" description="Runs Cucumber Scenarios" data-provider="scenarios" finished-at="2025-06-24T11:51:26 SAST" duration-ms="19763" status="PASS">
          <params>
            <param index="0">
              <value>
                <![CDATA["Adding Customer user to the webtables"]]>
              </value>
            </param>
            <param index="1">
              <value>
                <![CDATA["Web Details Scenarios"]]>
              </value>
            </param>
          </params>
          <reporter-output>
          </reporter-output>
        </test-method> <!-- runScenario -->
        <test-method signature="runScenario(io.cucumber.testng.PickleWrapper,io.cucumber.testng.FeatureWrapper)[pri:0, instance:runners.webRunnerParallelTest@36bc55de]" started-at="2025-06-24T11:51:06 SAST" name="runScenario" description="Runs Cucumber Scenarios" data-provider="scenarios" finished-at="2025-06-24T11:51:26 SAST" duration-ms="19286" status="PASS">
          <params>
            <param index="0">
              <value>
                <![CDATA["Adding Admin user to the webtables"]]>
              </value>
            </param>
            <param index="1">
              <value>
                <![CDATA["Web Details Scenarios"]]>
              </value>
            </param>
          </params>
          <reporter-output>
          </reporter-output>
        </test-method> <!-- runScenario -->
        <test-method signature="runScenario(io.cucumber.testng.PickleWrapper,io.cucumber.testng.FeatureWrapper)[pri:0, instance:runners.webRunnerParallelTest@36bc55de]" started-at="2025-06-24T11:51:06 SAST" name="runScenario" description="Runs Cucumber Scenarios" data-provider="scenarios" finished-at="2025-06-24T11:51:26 SAST" duration-ms="19886" status="PASS">
          <params>
            <param index="0">
              <value>
                <![CDATA["Adding Admin user to the webtables"]]>
              </value>
            </param>
            <param index="1">
              <value>
                <![CDATA["Web Details Scenarios"]]>
              </value>
            </param>
          </params>
          <reporter-output>
          </reporter-output>
        </test-method> <!-- runScenario -->
        <test-method signature="runScenario(io.cucumber.testng.PickleWrapper,io.cucumber.testng.FeatureWrapper)[pri:0, instance:runners.webRunnerParallelTest@36bc55de]" started-at="2025-06-24T11:51:06 SAST" name="runScenario" description="Runs Cucumber Scenarios" data-provider="scenarios" finished-at="2025-06-24T11:51:26 SAST" duration-ms="19728" status="PASS">
          <params>
            <param index="0">
              <value>
                <![CDATA["Adding Customer user to the webtables"]]>
              </value>
            </param>
            <param index="1">
              <value>
                <![CDATA["Web Details Scenarios"]]>
              </value>
            </param>
          </params>
          <reporter-output>
          </reporter-output>
        </test-method> <!-- runScenario -->
        <test-method is-config="true" signature="tearDownClass()[pri:0, instance:runners.webRunnerParallelTest@36bc55de]" started-at="2025-06-24T11:51:26 SAST" name="tearDownClass" finished-at="2025-06-24T11:51:35 SAST" duration-ms="8378" status="PASS">
          <reporter-output>
          </reporter-output>
        </test-method> <!-- tearDownClass -->
      </class> <!-- runners.webRunnerParallelTest -->
    </test> <!-- Surefire test -->
  </suite> <!-- Surefire suite -->
</testng-results>
