<?xml version="1.0" encoding="UTF-8"?>
<testng-results ignored="0" total="4" passed="4" failed="0" skipped="0">
  <reporter-output>
  </reporter-output>
  <suite started-at="2025-06-24T16:28:03 SAST" name="Surefire suite" finished-at="2025-06-24T16:28:27 SAST" duration-ms="24016">
    <groups>
      <group name="cucumber">
        <method signature="AbstractTestNGCucumberTests.runScenario(io.cucumber.testng.PickleWrapper,io.cucumber.testng.FeatureWrapper)[pri:0, instance:runners.webRunnerParallelTest@79e2c065]" name="runScenario" class="io.cucumber.testng.AbstractTestNGCucumberTests"/>
      </group> <!-- cucumber -->
    </groups>
    <test started-at="2025-06-24T16:28:03 SAST" name="Surefire test" finished-at="2025-06-24T16:28:27 SAST" duration-ms="24016">
      <class name="runners.webRunnerParallelTest">
        <test-method is-config="true" signature="setUpClass(org.testng.ITestContext)[pri:0, instance:runners.webRunnerParallelTest@79e2c065]" started-at="2025-06-24T16:28:03 SAST" name="setUpClass" finished-at="2025-06-24T16:28:04 SAST" duration-ms="183" status="PASS">
          <params>
            <param index="0">
              <value>
                <![CDATA[org.testng.TestRunner@6ad3381f]]>
              </value>
            </param>
          </params>
          <reporter-output>
          </reporter-output>
        </test-method> <!-- setUpClass -->
        <test-method signature="runScenario(io.cucumber.testng.PickleWrapper,io.cucumber.testng.FeatureWrapper)[pri:0, instance:runners.webRunnerParallelTest@79e2c065]" started-at="2025-06-24T16:28:04 SAST" name="runScenario" description="Runs Cucumber Scenarios" data-provider="scenarios" finished-at="2025-06-24T16:28:27 SAST" duration-ms="23798" status="PASS">
          <params>
            <param index="0">
              <value>
                <![CDATA["Adding Admin user to the webtables"]]>
              </value>
            </param>
            <param index="1">
              <value>
                <![CDATA["Web Details Scenarios"]]>
              </value>
            </param>
          </params>
          <reporter-output>
          </reporter-output>
        </test-method> <!-- runScenario -->
        <test-method signature="runScenario(io.cucumber.testng.PickleWrapper,io.cucumber.testng.FeatureWrapper)[pri:0, instance:runners.webRunnerParallelTest@79e2c065]" started-at="2025-06-24T16:28:04 SAST" name="runScenario" description="Runs Cucumber Scenarios" data-provider="scenarios" finished-at="2025-06-24T16:28:25 SAST" duration-ms="21491" status="PASS">
          <params>
            <param index="0">
              <value>
                <![CDATA["Adding Admin user to the webtables"]]>
              </value>
            </param>
            <param index="1">
              <value>
                <![CDATA["Web Details Scenarios"]]>
              </value>
            </param>
          </params>
          <reporter-output>
          </reporter-output>
        </test-method> <!-- runScenario -->
        <test-method signature="runScenario(io.cucumber.testng.PickleWrapper,io.cucumber.testng.FeatureWrapper)[pri:0, instance:runners.webRunnerParallelTest@79e2c065]" started-at="2025-06-24T16:28:04 SAST" name="runScenario" description="Runs Cucumber Scenarios" data-provider="scenarios" finished-at="2025-06-24T16:28:25 SAST" duration-ms="21826" status="PASS">
          <params>
            <param index="0">
              <value>
                <![CDATA["Adding Customer user to the webtables"]]>
              </value>
            </param>
            <param index="1">
              <value>
                <![CDATA["Web Details Scenarios"]]>
              </value>
            </param>
          </params>
          <reporter-output>
          </reporter-output>
        </test-method> <!-- runScenario -->
        <test-method signature="runScenario(io.cucumber.testng.PickleWrapper,io.cucumber.testng.FeatureWrapper)[pri:0, instance:runners.webRunnerParallelTest@79e2c065]" started-at="2025-06-24T16:28:04 SAST" name="runScenario" description="Runs Cucumber Scenarios" data-provider="scenarios" finished-at="2025-06-24T16:28:25 SAST" duration-ms="21702" status="PASS">
          <params>
            <param index="0">
              <value>
                <![CDATA["Adding Customer user to the webtables"]]>
              </value>
            </param>
            <param index="1">
              <value>
                <![CDATA["Web Details Scenarios"]]>
              </value>
            </param>
          </params>
          <reporter-output>
          </reporter-output>
        </test-method> <!-- runScenario -->
        <test-method is-config="true" signature="tearDownClass()[pri:0, instance:runners.webRunnerParallelTest@79e2c065]" started-at="2025-06-24T16:28:27 SAST" name="tearDownClass" finished-at="2025-06-24T16:28:27 SAST" duration-ms="8" status="PASS">
          <reporter-output>
          </reporter-output>
        </test-method> <!-- tearDownClass -->
      </class> <!-- runners.webRunnerParallelTest -->
    </test> <!-- Surefire test -->
  </suite> <!-- Surefire suite -->
</testng-results>
