<?xml version="1.0" encoding="UTF-8"?>
<testsuite xmlns:xsi="http://www.w3.org/2001/XMLSchema-instance" xsi:noNamespaceSchemaLocation="https://maven.apache.org/surefire/maven-surefire-plugin/xsd/surefire-test-report.xsd" name="Web Details Scenarios #1" time="21.253" tests="2" errors="2" skipped="0" failures="0">
  <properties>
[...]
</properties>
  <testcase name="Adding Admin user to the webtables" classname="Web Details Scenarios #1" time="12.03">
    <error message="element click intercepted: Element &lt;button class=&quot;btn btn-link pull-right&quot; ng-click=&quot;pop()&quot; type=&quot;add&quot;&gt;...&lt;/button&gt; is not clickable at point (1469, 79). Other element would receive the click: &lt;div class=&quot;modal-backdrop&quot;&gt;&lt;/div&gt;&#10;  (Session info: MicrosoftEdge=137.0.3296.93)&#10;Build info: version: &apos;4.12.0&apos;, revision: &apos;249f2a7d1b*&apos;&#10;System info: os.name: &apos;Windows 11&apos;, os.arch: &apos;amd64&apos;, os.version: &apos;10.0&apos;, java.version: &apos;21.0.4&apos;&#10;Driver info: org.openqa.selenium.edge.EdgeDriver&#10;Command: [abfd8f78dd03afb28395dc305f7007a9, clickElement {id=f.332427C52D4E349BAA2ACBB0D0A8EFE9.d.FA862322B14B4EB9867ECE4C25C9D589.e.50}]&#10;Capabilities {acceptInsecureCerts: false, browserName: MicrosoftEdge, browserVersion: 137.0.3296.93, fedcm:accounts: true, ms:edgeOptions: {debuggerAddress: localhost:56022}, msedge: {msedgedriverVersion: 137.0.3296.93 (114b4a913acd..., userDataDir: C:\Users\suave\AppData\Loca...}, networkConnectionEnabled: false, pageLoadStrategy: normal, platformName: windows, proxy: Proxy(), se:cdp: ws://localhost:56022/devtoo..., se:cdpVersion: 137.0.3296.93, setWindowRect: true, strictFileInteractability: false, timeouts: {implicit: 0, pageLoad: 300000, script: 30000}, unhandledPromptBehavior: dismiss and notify, webauthn:extension:credBlob: true, webauthn:extension:largeBlob: true, webauthn:extension:minPinLength: true, webauthn:extension:prf: true, webauthn:virtualAuthenticators: true}&#10;Element: [[EdgeDriver: MicrosoftEdge on windows (abfd8f78dd03afb28395dc305f7007a9)] -&gt; xpath: //button[@type=&apos;add&apos;]]&#10;Session ID: abfd8f78dd03afb28395dc305f7007a9" type="org.openqa.selenium.ElementClickInterceptedException"><![CDATA[org.openqa.selenium.ElementClickInterceptedException: 
element click intercepted: Element <button class="btn btn-link pull-right" ng-click="pop()" type="add">...</button> is not clickable at point (1469, 79). Other element would receive the click: <div class="modal-backdrop"></div>
  (Session info: MicrosoftEdge=137.0.3296.93)
Build info: version: '4.12.0', revision: '249f2a7d1b*'
System info: os.name: 'Windows 11', os.arch: 'amd64', os.version: '10.0', java.version: '21.0.4'
Driver info: org.openqa.selenium.edge.EdgeDriver
Command: [abfd8f78dd03afb28395dc305f7007a9, clickElement {id=f.332427C52D4E349BAA2ACBB0D0A8EFE9.d.FA862322B14B4EB9867ECE4C25C9D589.e.50}]
Capabilities {acceptInsecureCerts: false, browserName: MicrosoftEdge, browserVersion: 137.0.3296.93, fedcm:accounts: true, ms:edgeOptions: {debuggerAddress: localhost:56022}, msedge: {msedgedriverVersion: 137.0.3296.93 (114b4a913acd..., userDataDir: C:\Users\suave\AppData\Loca...}, networkConnectionEnabled: false, pageLoadStrategy: normal, platformName: windows, proxy: Proxy(), se:cdp: ws://localhost:56022/devtoo..., se:cdpVersion: 137.0.3296.93, setWindowRect: true, strictFileInteractability: false, timeouts: {implicit: 0, pageLoad: 300000, script: 30000}, unhandledPromptBehavior: dismiss and notify, webauthn:extension:credBlob: true, webauthn:extension:largeBlob: true, webauthn:extension:minPinLength: true, webauthn:extension:prf: true, webauthn:virtualAuthenticators: true}
Element: [[EdgeDriver: MicrosoftEdge on windows (abfd8f78dd03afb28395dc305f7007a9)] -> xpath: //button[@type='add']]
Session ID: abfd8f78dd03afb28395dc305f7007a9
]]></error>
    <system-out><![CDATA[Test Case: Adding Admin user to the webtables
Root element: webObjects

Node Name :browser
Identifier: browser-driver
Element Path: edge
Root element: webObjects

Node Name :URLweb
Identifier: web
Element Path: http://www.way2automation.com/angularjs-protractor/webtables/
Test Case: Adding Admin user to the webtables
]]></system-out>
    <system-err><![CDATA[ERROR StatusLogger Log4j2 could not find a logging implementation. Please add log4j-core to the classpath. Using SimpleLogger to log to the console...
Jun 23, 2025 3:13:58 PM org.openqa.selenium.devtools.CdpVersionFinder findNearestMatch
WARNING: Unable to find CDP implementation matching 137
Jun 23, 2025 3:13:58 PM org.openqa.selenium.chromium.ChromiumDriver lambda$new$5
WARNING: Unable to find version of CDP to use for 137.0.3296.93. You may need to include a dependency on a specific version of the CDP using something similar to `org.seleniumhq.selenium:selenium-devtools-v86:4.12.0` where the version ("v86") matches the version of the chromium-based browser you're using and the version number of the artifact is the same as Selenium's.
Jun 23, 2025 3:13:58 PM org.openqa.selenium.chromium.ChromiumDriver lambda$new$5
WARNING: Unable to find version of CDP to use for 137.0.3296.93. You may need to include a dependency on a specific version of the CDP using something similar to `org.seleniumhq.selenium:selenium-devtools-v86:4.12.0` where the version ("v86") matches the version of the chromium-based browser you're using and the version number of the artifact is the same as Selenium's.
]]></system-err>
  </testcase>
  <testcase name="Adding Customer user to the webtables" classname="Web Details Scenarios #1" time="9.196">
    <error message="element click intercepted: Element &lt;button class=&quot;btn btn-link pull-right&quot; ng-click=&quot;pop()&quot; type=&quot;add&quot;&gt;...&lt;/button&gt; is not clickable at point (1469, 79). Other element would receive the click: &lt;div class=&quot;modal-backdrop&quot;&gt;&lt;/div&gt;&#10;  (Session info: MicrosoftEdge=137.0.3296.93)&#10;Build info: version: &apos;4.12.0&apos;, revision: &apos;249f2a7d1b*&apos;&#10;System info: os.name: &apos;Windows 11&apos;, os.arch: &apos;amd64&apos;, os.version: &apos;10.0&apos;, java.version: &apos;21.0.4&apos;&#10;Driver info: org.openqa.selenium.edge.EdgeDriver&#10;Command: [b579abe6e9b34bc425b70942f8e1f3a2, clickElement {id=f.8F5364C2D1947B7273E3C47C7CCE1FB1.d.18AD6030072A4C0D266602DAEF676600.e.45}]&#10;Capabilities {acceptInsecureCerts: false, browserName: MicrosoftEdge, browserVersion: 137.0.3296.93, fedcm:accounts: true, ms:edgeOptions: {debuggerAddress: localhost:56119}, msedge: {msedgedriverVersion: 137.0.3296.93 (114b4a913acd..., userDataDir: C:\Users\suave\AppData\Loca...}, networkConnectionEnabled: false, pageLoadStrategy: normal, platformName: windows, proxy: Proxy(), se:cdp: ws://localhost:56119/devtoo..., se:cdpVersion: 137.0.3296.93, setWindowRect: true, strictFileInteractability: false, timeouts: {implicit: 0, pageLoad: 300000, script: 30000}, unhandledPromptBehavior: dismiss and notify, webauthn:extension:credBlob: true, webauthn:extension:largeBlob: true, webauthn:extension:minPinLength: true, webauthn:extension:prf: true, webauthn:virtualAuthenticators: true}&#10;Element: [[EdgeDriver: MicrosoftEdge on windows (b579abe6e9b34bc425b70942f8e1f3a2)] -&gt; xpath: //button[@type=&apos;add&apos;]]&#10;Session ID: b579abe6e9b34bc425b70942f8e1f3a2" type="org.openqa.selenium.ElementClickInterceptedException"><![CDATA[org.openqa.selenium.ElementClickInterceptedException: 
element click intercepted: Element <button class="btn btn-link pull-right" ng-click="pop()" type="add">...</button> is not clickable at point (1469, 79). Other element would receive the click: <div class="modal-backdrop"></div>
  (Session info: MicrosoftEdge=137.0.3296.93)
Build info: version: '4.12.0', revision: '249f2a7d1b*'
System info: os.name: 'Windows 11', os.arch: 'amd64', os.version: '10.0', java.version: '21.0.4'
Driver info: org.openqa.selenium.edge.EdgeDriver
Command: [b579abe6e9b34bc425b70942f8e1f3a2, clickElement {id=f.8F5364C2D1947B7273E3C47C7CCE1FB1.d.18AD6030072A4C0D266602DAEF676600.e.45}]
Capabilities {acceptInsecureCerts: false, browserName: MicrosoftEdge, browserVersion: 137.0.3296.93, fedcm:accounts: true, ms:edgeOptions: {debuggerAddress: localhost:56119}, msedge: {msedgedriverVersion: 137.0.3296.93 (114b4a913acd..., userDataDir: C:\Users\suave\AppData\Loca...}, networkConnectionEnabled: false, pageLoadStrategy: normal, platformName: windows, proxy: Proxy(), se:cdp: ws://localhost:56119/devtoo..., se:cdpVersion: 137.0.3296.93, setWindowRect: true, strictFileInteractability: false, timeouts: {implicit: 0, pageLoad: 300000, script: 30000}, unhandledPromptBehavior: dismiss and notify, webauthn:extension:credBlob: true, webauthn:extension:largeBlob: true, webauthn:extension:minPinLength: true, webauthn:extension:prf: true, webauthn:virtualAuthenticators: true}
Element: [[EdgeDriver: MicrosoftEdge on windows (b579abe6e9b34bc425b70942f8e1f3a2)] -> xpath: //button[@type='add']]
Session ID: b579abe6e9b34bc425b70942f8e1f3a2
]]></error>
    <system-out><![CDATA[Root element: webObjects

Node Name :browser
Identifier: browser-driver
Element Path: edge
Root element: webObjects

Node Name :URLweb
Identifier: web
Element Path: http://www.way2automation.com/angularjs-protractor/webtables/
Test Case: Adding Customer user to the webtables
]]></system-out>
    <system-err><![CDATA[Jun 23, 2025 3:14:10 PM org.openqa.selenium.devtools.CdpVersionFinder findNearestMatch
WARNING: Unable to find CDP implementation matching 137
Jun 23, 2025 3:14:10 PM org.openqa.selenium.chromium.ChromiumDriver lambda$new$5
WARNING: Unable to find version of CDP to use for 137.0.3296.93. You may need to include a dependency on a specific version of the CDP using something similar to `org.seleniumhq.selenium:selenium-devtools-v86:4.12.0` where the version ("v86") matches the version of the chromium-based browser you're using and the version number of the artifact is the same as Selenium's.
]]></system-err>
  </testcase>
</testsuite>